Library/Bee/Android/Prj/IL2CPP/Gradle/launcher/build/intermediates/manifest_merge_blame_file/release/manifest-merger-blame-release-report.txt
1<?xml version="1.0" encoding="utf-8"?>
2<manifest xmlns:android="http://schemas.android.com/apk/res/android"
3    package="com.DefaultCompany.QuestHandTracking"
4    android:installLocation="auto"
5    android:versionCode="1"
6    android:versionName="0.1" >
7
8    <uses-sdk
9        android:minSdkVersion="29"
9-->src\main\AndroidManifest.xml
10        android:targetSdkVersion="30" />
10-->src\main\AndroidManifest.xml
11
12    <supports-screens
12-->src\main\AndroidManifest.xml:3:3-163
13        android:anyDensity="true"
13-->src\main\AndroidManifest.xml:3:135-160
14        android:largeScreens="true"
14-->src\main\AndroidManifest.xml:3:78-105
15        android:normalScreens="true"
15-->src\main\AndroidManifest.xml:3:49-77
16        android:smallScreens="true"
16-->src\main\AndroidManifest.xml:3:21-48
17        android:xlargeScreens="true" />
17-->src\main\AndroidManifest.xml:3:106-134
18
19    <uses-feature
19-->[:unityLibrary] AndroidManifest.xml:12:5-15:31
20        android:name="android.hardware.vr.headtracking"
20-->[:unityLibrary] AndroidManifest.xml:13:9-56
21        android:required="true"
21-->[:unityLibrary] AndroidManifest.xml:14:9-32
22        android:version="1" />
22-->[:unityLibrary] AndroidManifest.xml:15:9-28
23    <uses-feature
23-->[:unityLibrary] AndroidManifest.xml:16:5-18:36
24        android:name="oculus.software.handtracking"
24-->[:unityLibrary] AndroidManifest.xml:17:9-52
25        android:required="false" />
25-->[:unityLibrary] AndroidManifest.xml:18:9-33
26
27    <uses-permission android:name="com.oculus.permission.HAND_TRACKING" />
27-->[:unityLibrary] AndroidManifest.xml:20:5-75
27-->[:unityLibrary] AndroidManifest.xml:20:22-72
28
29    <uses-feature android:glEsVersion="0x00020000" />
29-->[:unityLibrary] AndroidManifest.xml:22:5-54
29-->[:unityLibrary] AndroidManifest.xml:22:19-51
30    <uses-feature android:name="android.hardware.vulkan.version" />
30-->[:unityLibrary] AndroidManifest.xml:23:5-68
30-->[:unityLibrary] AndroidManifest.xml:23:19-65
31
32    <uses-permission android:name="android.permission.INTERNET" />
32-->[:unityLibrary] AndroidManifest.xml:25:5-67
32-->[:unityLibrary] AndroidManifest.xml:25:22-64
33    <uses-permission android:name="android.permission.ACCESS_NETWORK_STATE" />
33-->[:unityLibrary] AndroidManifest.xml:26:5-79
33-->[:unityLibrary] AndroidManifest.xml:26:22-76
34    <uses-permission android:name="android.permission.RECORD_AUDIO" />
34-->[:unityLibrary] AndroidManifest.xml:27:5-71
34-->[:unityLibrary] AndroidManifest.xml:27:22-68
35    <uses-permission android:name="android.permission.MODIFY_AUDIO_SETTINGS" />
35-->[:unityLibrary] AndroidManifest.xml:28:5-80
35-->[:unityLibrary] AndroidManifest.xml:28:22-77
36
37    <uses-feature
37-->[:unityLibrary] AndroidManifest.xml:30:5-32:36
38        android:name="android.hardware.microphone"
38-->[:unityLibrary] AndroidManifest.xml:31:9-51
39        android:required="false" />
39-->[:unityLibrary] AndroidManifest.xml:32:9-33
40    <uses-feature
40-->[:unityLibrary] AndroidManifest.xml:33:5-35:36
41        android:name="android.hardware.touchscreen"
41-->[:unityLibrary] AndroidManifest.xml:34:9-52
42        android:required="false" />
42-->[:unityLibrary] AndroidManifest.xml:35:9-33
43    <uses-feature
43-->[:unityLibrary] AndroidManifest.xml:36:5-38:36
44        android:name="android.hardware.touchscreen.multitouch"
44-->[:unityLibrary] AndroidManifest.xml:37:9-63
45        android:required="false" />
45-->[:unityLibrary] AndroidManifest.xml:38:9-33
46    <uses-feature
46-->[:unityLibrary] AndroidManifest.xml:39:5-41:36
47        android:name="android.hardware.touchscreen.multitouch.distinct"
47-->[:unityLibrary] AndroidManifest.xml:40:9-72
48        android:required="false" />
48-->[:unityLibrary] AndroidManifest.xml:41:9-33
49
50    <application
50-->src\main\AndroidManifest.xml:4:3-83
51        android:allowBackup="false"
51-->[:unityLibrary] AndroidManifest.xml:44:9-36
52        android:extractNativeLibs="true"
52-->[:unityLibrary] AndroidManifest.xml:45:9-41
53        android:icon="@mipmap/app_icon"
53-->src\main\AndroidManifest.xml:4:49-80
54        android:label="@string/app_name"
54-->src\main\AndroidManifest.xml:4:16-48
55        android:networkSecurityConfig="@xml/network_sec_config" >
55-->[:unityLibrary] AndroidManifest.xml:48:9-64
56        <activity
56-->[:unityLibrary] AndroidManifest.xml:49:9-72:20
57            android:name="com.unity3d.player.UnityPlayerActivity"
57-->[:unityLibrary] AndroidManifest.xml:50:13-66
58            android:configChanges="keyboard|keyboardHidden|navigation|orientation|screenLayout|screenSize|uiMode|density"
58-->[:unityLibrary] AndroidManifest.xml:51:13-122
59            android:excludeFromRecents="true"
59-->[:unityLibrary] AndroidManifest.xml:52:13-46
60            android:exported="true"
60-->[:unityLibrary] AndroidManifest.xml:53:13-36
61            android:hardwareAccelerated="false"
61-->[:unityLibrary] AndroidManifest.xml:54:13-48
62            android:launchMode="singleTask"
62-->[:unityLibrary] AndroidManifest.xml:55:13-44
63            android:resizeableActivity="false"
63-->[:unityLibrary] AndroidManifest.xml:56:13-47
64            android:screenOrientation="landscape"
64-->[:unityLibrary] AndroidManifest.xml:57:13-50
65            android:theme="@android:style/Theme.Black.NoTitleBar.Fullscreen" >
65-->[:unityLibrary] AndroidManifest.xml:58:13-77
66            <intent-filter>
66-->[:unityLibrary] AndroidManifest.xml:59:13-64:29
67                <action android:name="android.intent.action.MAIN" />
67-->[:unityLibrary] AndroidManifest.xml:60:17-69
67-->[:unityLibrary] AndroidManifest.xml:60:25-66
68
69                <category android:name="android.intent.category.LAUNCHER" />
69-->[:unityLibrary] AndroidManifest.xml:62:17-77
69-->[:unityLibrary] AndroidManifest.xml:62:27-74
70                <category android:name="com.oculus.intent.category.VR" />
70-->[:unityLibrary] AndroidManifest.xml:63:17-74
70-->[:unityLibrary] AndroidManifest.xml:63:27-71
71            </intent-filter>
72
73            <meta-data
73-->[:unityLibrary] AndroidManifest.xml:66:13-68:40
74                android:name="android.notch_support"
74-->[:unityLibrary] AndroidManifest.xml:67:17-53
75                android:value="true" />
75-->[:unityLibrary] AndroidManifest.xml:68:17-37
76            <meta-data
76-->[:unityLibrary] AndroidManifest.xml:69:13-71:40
77                android:name="com.oculus.vr.focusaware"
77-->[:unityLibrary] AndroidManifest.xml:70:17-56
78                android:value="true" />
78-->[:unityLibrary] AndroidManifest.xml:71:17-37
79        </activity>
80
81        <meta-data
81-->[:unityLibrary] AndroidManifest.xml:74:9-76:37
82            android:name="unityplayer.SkipPermissionsDialog"
82-->[:unityLibrary] AndroidManifest.xml:75:13-61
83            android:value="false" />
83-->[:unityLibrary] AndroidManifest.xml:76:13-34
84        <meta-data
84-->[:unityLibrary] AndroidManifest.xml:77:9-79:39
85            android:name="com.samsung.android.vr.application.mode"
85-->[:unityLibrary] AndroidManifest.xml:78:13-67
86            android:value="vr_only" />
86-->[:unityLibrary] AndroidManifest.xml:79:13-36
87        <meta-data
87-->[:unityLibrary] AndroidManifest.xml:80:9-82:35
88            android:name="com.oculus.handtracking.frequency"
88-->[:unityLibrary] AndroidManifest.xml:81:13-61
89            android:value="LOW" />
89-->[:unityLibrary] AndroidManifest.xml:82:13-32
90        <meta-data
90-->[:unityLibrary] AndroidManifest.xml:83:9-85:33
91            android:name="unity.splash-mode"
91-->[:unityLibrary] AndroidManifest.xml:84:13-45
92            android:value="0" />
92-->[:unityLibrary] AndroidManifest.xml:85:13-30
93        <meta-data
93-->[:unityLibrary] AndroidManifest.xml:86:9-88:36
94            android:name="unity.splash-enable"
94-->[:unityLibrary] AndroidManifest.xml:87:13-47
95            android:value="True" />
95-->[:unityLibrary] AndroidManifest.xml:88:13-33
96        <meta-data
96-->[:unityLibrary] AndroidManifest.xml:89:9-91:36
97            android:name="unity.launch-fullscreen"
97-->[:unityLibrary] AndroidManifest.xml:90:13-51
98            android:value="True" />
98-->[:unityLibrary] AndroidManifest.xml:91:13-33
99        <meta-data
99-->[:unityLibrary] AndroidManifest.xml:92:9-94:37
100            android:name="unity.allow-resizable-window"
100-->[:unityLibrary] AndroidManifest.xml:93:13-56
101            android:value="False" />
101-->[:unityLibrary] AndroidManifest.xml:94:13-34
102        <meta-data
102-->[:unityLibrary] AndroidManifest.xml:95:9-97:50
103            android:name="notch.config"
103-->[:unityLibrary] AndroidManifest.xml:96:13-40
104            android:value="portrait|landscape" />
104-->[:unityLibrary] AndroidManifest.xml:97:13-47
105        <meta-data
105-->[:unityLibrary] AndroidManifest.xml:98:9-100:36
106            android:name="com.oculus.handtracking.version"
106-->[:unityLibrary] AndroidManifest.xml:99:13-59
107            android:value="V2.0" />
107-->[:unityLibrary] AndroidManifest.xml:100:13-33
108        <meta-data
108-->[:unityLibrary] AndroidManifest.xml:101:9-103:37
109            android:name="com.unity.xr.oculus.LowOverheadMode"
109-->[:unityLibrary] AndroidManifest.xml:102:13-63
110            android:value="false" />
110-->[:unityLibrary] AndroidManifest.xml:103:13-34
111        <meta-data
111-->[:unityLibrary] AndroidManifest.xml:104:9-106:37
112            android:name="com.unity.xr.oculus.LateLatching"
112-->[:unityLibrary] AndroidManifest.xml:105:13-60
113            android:value="false" />
113-->[:unityLibrary] AndroidManifest.xml:106:13-34
114        <meta-data
114-->[:unityLibrary] AndroidManifest.xml:107:9-109:37
115            android:name="com.unity.xr.oculus.LateLatchingDebug"
115-->[:unityLibrary] AndroidManifest.xml:108:13-65
116            android:value="false" />
116-->[:unityLibrary] AndroidManifest.xml:109:13-34
117        <meta-data
117-->[:unityLibrary] AndroidManifest.xml:110:9-112:44
118            android:name="com.oculus.supportedDevices"
118-->[:unityLibrary] AndroidManifest.xml:111:13-55
119            android:value="quest|quest2" />
119-->[:unityLibrary] AndroidManifest.xml:112:13-41
120    </application>
121
122</manifest>